Log file open, 02/15/19 18:11:56
LogWindows: Failed to load 'aqProf.dll' (GetLastError=126)
LogWindows: File 'aqProf.dll' does not exist
LogWindows: Failed to load 'VSPerf140.dll' (GetLastError=126)
LogWindows: File 'VSPerf140.dll' does not exist
LogWindows: Failed to load 'VtuneApi.dll' (GetLastError=126)
LogWindows: File 'VtuneApi.dll' does not exist
LogWindows: Failed to load 'VtuneApi32e.dll' (GetLastError=126)
LogWindows: File 'VtuneApi32e.dll' does not exist
LogInit: Display: Running engine for game: UFOInControl
LogPlatformFile: Not using cached read wrapper
LogTaskGraph: Started task graph with 5 named threads and 23 total threads with 3 sets of task threads.
LogStats: Stats thread started at 0.315803
LogD3D11RHI: Loaded GFSDK_Aftermath_Lib.x64.dll
LogICUInternationalization: Display: ICU TimeZone Detection - Raw Offset: -3:00, Platform Override: ''
LogPluginManager: Mounting plugin Paper2D
LogPluginManager: Mounting plugin AISupport
LogPluginManager: Mounting plugin LightPropagationVolume
LogPluginManager: Mounting plugin CLionSourceCodeAccess
LogPluginManager: Mounting plugin CodeLiteSourceCodeAccess
LogPluginManager: Mounting plugin GitSourceControl
LogPluginManager: Mounting plugin KDevelopSourceCodeAccess
LogPluginManager: Mounting plugin NullSourceCodeAccess
LogPluginManager: Mounting plugin PerforceSourceControl
LogPluginManager: Mounting plugin SubversionSourceControl
LogPluginManager: Mounting plugin UObjectPlugin
LogPluginManager: Mounting plugin VisualStudioCodeSourceCodeAccess
LogPluginManager: Mounting plugin VisualStudioSourceCodeAccess
LogPluginManager: Mounting plugin XCodeSourceCodeAccess
LogPluginManager: Mounting plugin AssetManagerEditor
LogPluginManager: Mounting plugin CryptoKeys
LogPluginManager: Mounting plugin DataValidation
LogPluginManager: Mounting plugin FacialAnimation
LogPluginManager: Mounting plugin GameplayTagsEditor
LogPluginManager: Mounting plugin MacGraphicsSwitching
LogPluginManager: Mounting plugin MeshEditor
LogPluginManager: Mounting plugin MobileLauncherProfileWizard
LogPluginManager: Mounting plugin PluginBrowser
LogPluginManager: Mounting plugin SpeedTreeImporter
LogPluginManager: Mounting plugin DatasmithContent
LogPluginManager: Mounting plugin AlembicImporter
LogPluginManager: Mounting plugin AppleImageUtils
LogPluginManager: Mounting plugin AppleVision
LogPluginManager: Mounting plugin BackChannel
LogPluginManager: Mounting plugin CharacterAI
LogPluginManager: Mounting plugin GeometryCache
LogPluginManager: Mounting plugin HTML5Networking
LogPluginManager: Mounting plugin ProxyLODPlugin
LogPluginManager: Mounting plugin MagicLeap
LogPluginManager: Mounting plugin MagicLeapEmulator
LogPluginManager: Mounting plugin MagicLeapMedia
LogPluginManager: Mounting plugin AndroidMedia
LogPluginManager: Mounting plugin AvfMedia
LogPluginManager: Mounting plugin ImgMedia
LogPluginManager: Mounting plugin LinearTimecode
LogPluginManager: Mounting plugin MediaCompositing
LogPluginManager: Mounting plugin MediaPlayerEditor
LogPluginManager: Mounting plugin WmfMedia
LogPluginManager: Mounting plugin TcpMessaging
LogPluginManager: Mounting plugin UdpMessaging
LogPluginManager: Mounting plugin ActorSequence
LogPluginManager: Mounting plugin LevelSequenceEditor
LogPluginManager: Mounting plugin MatineeToLevelSequence
LogPluginManager: Mounting plugin NetcodeUnitTest
LogPluginManager: Mounting plugin NUTUnrealEngine4
LogPluginManager: Mounting plugin OnlineSubsystemGooglePlay
LogPluginManager: Mounting plugin OnlineSubsystemIOS
LogPluginManager: Mounting plugin OnlineSubsystem
LogPluginManager: Mounting plugin OnlineSubsystemNull
LogPluginManager: Mounting plugin OnlineSubsystemUtils
LogPluginManager: Mounting plugin LauncherChunkInstaller
LogPluginManager: Mounting plugin AndroidDeviceProfileSelector
LogPluginManager: Mounting plugin AndroidMoviePlayer
LogPluginManager: Mounting plugin AndroidPermission
LogPluginManager: Mounting plugin AppleMoviePlayer
LogPluginManager: Mounting plugin ArchVisCharacter
LogPluginManager: Mounting plugin AudioCapture
LogPluginManager: Mounting plugin CableComponent
LogPluginManager: Mounting plugin CustomMeshComponent
LogPluginManager: Mounting plugin EditableMesh
LogPluginManager: Mounting plugin ExampleDeviceProfileSelector
LogPluginManager: Mounting plugin GoogleCloudMessaging
LogPluginManager: Mounting plugin ImmediatePhysics
LogPluginManager: Mounting plugin IOSDeviceProfileSelector
LogPluginManager: Mounting plugin LinuxDeviceProfileSelector
LogPluginManager: Mounting plugin LocationServicesBPLibrary
LogPluginManager: Mounting plugin MobilePatchingUtils
LogPluginManager: Mounting plugin OculusVR
LogPluginManager: Plugin shader directory ../../../Engine/Plugins/Runtime/Oculus/OculusVR/Shaders found
LogPluginManager: Mapping shader source directory ../../../Engine/Plugins/Runtime/Oculus/OculusVR/Shaders to virtual directory /Plugin/OculusVR
LogPluginManager: Mounting plugin PhysXVehicles
LogPluginManager: Mounting plugin ProceduralMeshComponent
LogPluginManager: Mounting plugin RuntimePhysXCooking
LogPluginManager: Mounting plugin SteamVR
LogPluginManager: Mounting plugin WindowsMoviePlayer
LogStreaming: Display: Took  0.173s to configure plugins.
LogInit: Using libcurl 7.55.1-DEV
LogInit:  - built for x86_64-pc-win32
LogInit:  - supports SSL with OpenSSL/1.0.2h
LogInit:  - supports HTTP deflate (compression) using libz 1.2.8
LogInit:  - other features:
LogInit:      CURL_VERSION_SSL
LogInit:      CURL_VERSION_LIBZ
LogInit:      CURL_VERSION_IPV6
LogInit:      CURL_VERSION_ASYNCHDNS
LogInit:      CURL_VERSION_LARGEFILE
LogInit:      CURL_VERSION_IDN
LogInit:  CurlRequestOptions (configurable via config and command line):
LogInit:  - bVerifyPeer = false  - Libcurl will NOT verify peer certificate
LogInit:  - bUseHttpProxy = false  - Libcurl will NOT use HTTP proxy
LogInit:  - bDontReuseConnections = false  - Libcurl will reuse connections
LogInit:  - CertBundlePath = nullptr  - Libcurl will use whatever was configured at build time.
LogInit:  - MaxHostConnections = 16  - Libcurl will limit the number of connections to a host
LogInit:  - LocalHostAddr = Default
LogInit:  - BufferSize = 65536
LogInit: WinSock: version 1.1 (2.2), MaxSocks=32767, MaxUdp=65467
LogInit: Build: ++UE4+Release-4.20-CL-4369336
LogInit: Engine Version: 4.20.3-4369336+++UE4+Release-4.20
LogInit: Compatible Engine Version: 4.20.0-4212847+++UE4+Release-4.20
LogInit: Net CL: 4212847
LogInit: OS: Windows 10 (), CPU: Intel(R) Core(TM) i7-7700 CPU @ 3.60GHz, GPU: NVIDIA GeForce GTX 1060 6GB
LogInit: Compiled (64-bit): Sep 17 2018 12:26:19
LogInit: Compiled with Visual C++: 19.13.26129.00
LogInit: Build Configuration: Development
LogInit: Branch Name: ++UE4+Release-4.20
LogInit: Command Line:  
LogInit: Base Directory: C:/Program Files/Epic Games/UE_4.20/Engine/Binaries/Win64/
LogInit: Installed Engine Build: 1
LogDevObjectVersion: Number of dev versions registered: 20
LogDevObjectVersion:   Dev-Blueprints (B0D832E4-1F89-4F0D-ACCF-7EB736FD4AA2): 10
LogDevObjectVersion:   Dev-Build (E1C64328-A22C-4D53-A36C-8E866417BD8C): 0
LogDevObjectVersion:   Dev-Core (375EC13C-06E4-48FB-B500-84F0262A717E): 2
LogDevObjectVersion:   Dev-Editor (E4B068ED-F494-42E9-A231-DA0B2E46BB41): 24
LogDevObjectVersion:   Dev-Framework (CFFC743F-43B0-4480-9391-14DF171D2073): 34
LogDevObjectVersion:   Dev-Mobile (B02B49B5-BB20-44E9-A304-32B752E40360): 2
LogDevObjectVersion:   Dev-Networking (A4E4105C-59A1-49B5-A7C5-40C4547EDFEE): 0
LogDevObjectVersion:   Dev-Online (39C831C9-5AE6-47DC-9A44-9C173E1C8E7C): 0
LogDevObjectVersion:   Dev-Physics (78F01B33-EBEA-4F98-B9B4-84EACCB95AA2): 0
LogDevObjectVersion:   Dev-Platform (6631380F-2D4D-43E0-8009-CF276956A95A): 0
LogDevObjectVersion:   Dev-Rendering (12F88B9F-8875-4AFC-A67C-D90C383ABD29): 26
LogDevObjectVersion:   Dev-Sequencer (7B5AE74C-D270-4C10-A958-57980B212A5A): 9
LogDevObjectVersion:   Dev-VR (D7296918-1DD6-4BDD-9DE2-64A83CC13884): 2
LogDevObjectVersion:   Dev-LoadTimes (C2A15278-BFE7-4AFE-6C17-90FF531DF755): 1
LogDevObjectVersion:   Private-Geometry (6EACA3D4-40EC-4CC1-B786-8BED09428FC5): 3
LogDevObjectVersion:   Dev-AnimPhys (29E575DD-E0A3-4627-9D10-D276232CDCEA): 17
LogDevObjectVersion:   Dev-ReflectionCapture (6B266CEC-1EC7-4B8F-A30B-E4D90942FC07): 1
LogDevObjectVersion:   Dev-Automation (0DF73D61-A23F-47EA-B727-89E90C41499A): 1
LogDevObjectVersion:   FortniteMain (601D1886-AC64-4F84-AA16-D3DE0DEAC7D6): 12
LogDevObjectVersion:   Dev-Enterprise (9DFFBCD6-494F-0158-E221-12823C92A888): 1
LogStreaming: Display: Took  0.003s to delete old logs.
LogInit: Presizing for max 8388607 objects, including 0 objects not considered by GC, pre-allocating 0 bytes for permanent pool.
LogInit: Object subsystem initialized
[2019.02.15-20.11.56:955][  0]LogInit: Selected Device Profile: [Windows]
[2019.02.15-20.11.56:955][  0]LogInit: Applying CVar settings loaded from the selected device profile: [Windows]
[2019.02.15-20.11.56:998][  0]LogHAL: Display: Platform has ~ 16 GB [17138724864 / 17179869184 / 16], which maps to Larger [LargestMinGB=32, LargerMinGB=12, DefaultMinGB=8, SmallerMinGB=6, SmallestMinGB=0)
[2019.02.15-20.11.56:998][  0]LogInit: Setting Device Profile CVar: [[r.Vulkan.UseRealUBs:1]]
[2019.02.15-20.11.56:998][  0]LogInit: Going up to parent DeviceProfile []
[2019.02.15-20.11.57:016][  0]LogInit: Computer: DESKTOP-TGN64EA
[2019.02.15-20.11.57:016][  0]LogInit: User: SalomãoDiasSantos
[2019.02.15-20.11.57:016][  0]LogInit: CPU Page size=4096, Cores=4
[2019.02.15-20.11.57:016][  0]LogInit: High frequency timer resolution =3.515628 MHz
[2019.02.15-20.11.57:016][  0]LogMemory: Memory total: Physical=16.0GB (16GB approx)
[2019.02.15-20.11.57:016][  0]LogMemory: Platform Memory Stats for Windows
[2019.02.15-20.11.57:016][  0]LogMemory: Process Physical Memory: 101.54 MB used, 101.54 MB peak
[2019.02.15-20.11.57:016][  0]LogMemory: Process Virtual Memory: 89.44 MB used, 89.44 MB peak
[2019.02.15-20.11.57:016][  0]LogMemory: Physical Memory: 5023.94 MB used,  11320.82 MB free, 16344.76 MB total
[2019.02.15-20.11.57:016][  0]LogMemory: Virtual Memory: 4643.65 MB used,  11320.82 MB free, 134217728.00 MB total
[2019.02.15-20.11.57:250][  0]LogInit: Overriding language with editor language configuration option (en).
[2019.02.15-20.11.57:250][  0]LogInit: Overriding locale with editor locale configuration option (en).
[2019.02.15-20.11.57:988][  0]LogStreaming: Display: Took  0.738s to InitEngineTextLocalization.
[2019.02.15-20.11.57:988][  0]LogInit: Setting process to per monitor DPI aware
[2019.02.15-20.11.58:667][  0]LogSlate: New Slate User Created.  User Index 0, Is Virtual User: 0
[2019.02.15-20.11.58:667][  0]LogSlate: Slate User Registered.  User Index 0, Is Virtual User: 0
[2019.02.15-20.12.01:668][  0]LogHMD: Failed to initialize OpenVR with code 110
[2019.02.15-20.12.01:668][  0]LogD3D11RHI: D3D11 adapters:
[2019.02.15-20.12.01:722][  0]LogD3D11RHI:    0. 'NVIDIA GeForce GTX 1060 6GB' (Feature Level 11_0)
[2019.02.15-20.12.01:722][  0]LogD3D11RHI:       6052/0/8172 MB DedicatedVideo/DedicatedSystem/SharedSystem, Outputs:1, VendorId:0x10de
[2019.02.15-20.12.01:724][  0]LogD3D11RHI:    1. 'Microsoft Basic Render Driver' (Feature Level 11_0)
[2019.02.15-20.12.01:724][  0]LogD3D11RHI:       0/0/8172 MB DedicatedVideo/DedicatedSystem/SharedSystem, Outputs:0, VendorId:0x1414
[2019.02.15-20.12.01:724][  0]LogD3D11RHI: Chosen D3D11 Adapter: 0
[2019.02.15-20.12.01:729][  0]LogD3D11RHI: Creating new Direct3DDevice
[2019.02.15-20.12.01:729][  0]LogD3D11RHI:     GPU DeviceId: 0x1c03 (for the marketing name, search the web for "GPU Device Id")
[2019.02.15-20.12.01:729][  0]LogWindows: EnumDisplayDevices:
[2019.02.15-20.12.01:729][  0]LogWindows:    0. 'NVIDIA GeForce GTX 1060 6GB' (P:1 D:1)
[2019.02.15-20.12.01:730][  0]LogWindows:    1. 'NVIDIA GeForce GTX 1060 6GB' (P:0 D:0)
[2019.02.15-20.12.01:730][  0]LogWindows:    2. 'NVIDIA GeForce GTX 1060 6GB' (P:0 D:0)
[2019.02.15-20.12.01:730][  0]LogWindows:    3. 'NVIDIA GeForce GTX 1060 6GB' (P:0 D:0)
[2019.02.15-20.12.01:730][  0]LogWindows: DebugString: FoundDriverCount:4 
[2019.02.15-20.12.01:730][  0]LogD3D11RHI:     Adapter Name: NVIDIA GeForce GTX 1060 6GB
[2019.02.15-20.12.01:730][  0]LogD3D11RHI:   Driver Version: 399.24 (internal:24.21.13.9924, unified:399.24)
[2019.02.15-20.12.01:730][  0]LogD3D11RHI:      Driver Date: 9-5-2018
[2019.02.15-20.12.01:730][  0]LogRHI: Texture pool is 4236 MB (70% of 6052 MB)
[2019.02.15-20.12.01:760][  0]LogD3D11RHI: Async texture creation enabled
[2019.02.15-20.12.01:830][  0]LogD3D11RHI: GPU Timing Frequency: 1000.000000 (Debug: 2 2)
[2019.02.15-20.12.01:878][  0]LogShaderCompilers: Guid format shader working directory is -26 characters bigger than the processId version (../../../../../../Users/Salomão Dias Santos/Documents/GitHub/UFOINCONTROL/UFOInControl/Intermediate/Shaders/WorkingDirectory/7384/).
[2019.02.15-20.12.01:878][  0]LogShaderCompilers: Cleaned the shader compiler working directory 'C:/Users/Salomão Dias Santos/AppData/Local/Temp/UnrealShaderWorkingDir/0C25F5AF47F66593AB877285508F35B7/'.
[2019.02.15-20.12.03:558][  0]LogTemp: Display: Loaded TP AllDesktopTargetPlatform
[2019.02.15-20.12.03:570][  0]LogTemp: Display: Loaded TP MacClientTargetPlatform
[2019.02.15-20.12.03:581][  0]LogTemp: Display: Loaded TP MacNoEditorTargetPlatform
[2019.02.15-20.12.03:593][  0]LogTemp: Display: Loaded TP MacServerTargetPlatform
[2019.02.15-20.12.03:608][  0]LogTemp: Display: Loaded TP MacTargetPlatform
[2019.02.15-20.12.03:620][  0]LogTemp: Display: Loaded TP WindowsClientTargetPlatform
[2019.02.15-20.12.03:632][  0]LogTemp: Display: Loaded TP WindowsNoEditorTargetPlatform
[2019.02.15-20.12.03:644][  0]LogTemp: Display: Loaded TP WindowsServerTargetPlatform
[2019.02.15-20.12.03:650][  0]LogTemp: Display: Loaded TP WindowsTargetPlatform
[2019.02.15-20.12.03:731][  0]LogTemp: Display: Loaded TP AndroidTargetPlatform
[2019.02.15-20.12.03:732][  0]LogTemp: Display: Loaded TP AndroidTargetPlatform
[2019.02.15-20.12.03:732][  0]LogTemp: Display: Loaded TP AndroidTargetPlatform
[2019.02.15-20.12.03:732][  0]LogTemp: Display: Loaded TP AndroidTargetPlatform
[2019.02.15-20.12.03:732][  0]LogTemp: Display: Loaded TP AndroidTargetPlatform
[2019.02.15-20.12.03:732][  0]LogTemp: Display: Loaded TP AndroidTargetPlatform
[2019.02.15-20.12.03:732][  0]LogTemp: Display: Loaded TP AndroidTargetPlatform
[2019.02.15-20.12.03:732][  0]LogTemp: Display: Loaded TP AndroidTargetPlatform
[2019.02.15-20.12.03:732][  0]LogTemp: Display: Loaded TP AndroidTargetPlatform
[2019.02.15-20.12.03:732][  0]LogTemp: Display: Loaded TP AndroidTargetPlatform
[2019.02.15-20.12.03:732][  0]LogTemp: Display: Loaded TP AndroidTargetPlatform
[2019.02.15-20.12.03:732][  0]LogTemp: Display: Loaded TP AndroidTargetPlatform
[2019.02.15-20.12.03:732][  0]LogTemp: Display: Loaded TP AndroidTargetPlatform
[2019.02.15-20.12.03:732][  0]LogTemp: Display: Loaded TP AndroidTargetPlatform
[2019.02.15-20.12.03:732][  0]LogTemp: Display: Loaded TP AndroidTargetPlatform
[2019.02.15-20.12.03:732][  0]LogTemp: Display: Loaded TP AndroidTargetPlatform
[2019.02.15-20.12.03:732][  0]LogTemp: Display: Loaded TP AndroidTargetPlatform
[2019.02.15-20.12.03:732][  0]LogTemp: Display: Loaded TP AndroidTargetPlatform
[2019.02.15-20.12.03:733][  0]LogTemp: Display: Loaded TP HTML5TargetPlatform
[2019.02.15-20.12.03:812][  0]LogTemp: Display: Loaded TP IOSTargetPlatform
[2019.02.15-20.12.03:812][  0]LogTemp: Display: Loaded TP IOSTargetPlatform
[2019.02.15-20.12.03:833][  0]LogTemp: Display: Loaded TP TVOSTargetPlatform
[2019.02.15-20.12.03:833][  0]LogTemp: Display: Loaded TP TVOSTargetPlatform
[2019.02.15-20.12.03:844][  0]LogTemp: Display: Loaded TP LinuxClientTargetPlatform
[2019.02.15-20.12.03:856][  0]LogTemp: Display: Loaded TP LinuxNoEditorTargetPlatform
[2019.02.15-20.12.03:867][  0]LogTemp: Display: Loaded TP LinuxServerTargetPlatform
[2019.02.15-20.12.03:898][  0]LogTemp: Display: Loaded TP LinuxTargetPlatform
[2019.02.15-20.12.03:906][  0]LogTemp: Display: Loaded TP LuminTargetPlatform
[2019.02.15-20.12.03:906][  0]LogTargetPlatformManager: Display: Building Assets For Windows
[2019.02.15-20.12.04:023][  0]LogXGEController: Cleaning working directory: C:/Users/Salomão Dias Santos/AppData/Local/Temp/UnrealXGEWorkingDir/
[2019.02.15-20.12.04:023][  0]LogXGEController: Cannot use XGE Controller as Incredibuild is not installed on this machine.
[2019.02.15-20.12.04:023][  0]LogShaderCompilers: Cannot use XGE Shader Compiler as Incredibuild is not installed on this machine.
[2019.02.15-20.12.04:023][  0]LogShaderCompilers: Display: Using Local Shader Compiler.
[2019.02.15-20.12.06:258][  0]LogDerivedDataCache: Display: Max Cache Size: 512 MB
[2019.02.15-20.12.07:169][  0]LogDerivedDataCache: Loaded boot cache 0.91s 71MB C:/Users/Salomão Dias Santos/AppData/Local/UnrealEngine/4.20/DerivedDataCache/Boot.ddc.
[2019.02.15-20.12.07:170][  0]LogDerivedDataCache: Display: Loaded Boot cache: C:/Users/Salomão Dias Santos/AppData/Local/UnrealEngine/4.20/DerivedDataCache/Boot.ddc
[2019.02.15-20.12.07:170][  0]LogDerivedDataCache: FDerivedDataBackendGraph:  Pak pak cache file ../../../../../../Users/Salomão Dias Santos/Documents/GitHub/UFOINCONTROL/UFOInControl/DerivedDataCache/DDC.ddp not found, will not use a pak cache.
[2019.02.15-20.12.07:170][  0]LogDerivedDataCache: Unable to find inner node Pak for hierarchical cache Hierarchy.
[2019.02.15-20.12.07:170][  0]LogDerivedDataCache: FDerivedDataBackendGraph:  CompressedPak pak cache file ../../../../../../Users/Salomão Dias Santos/Documents/GitHub/UFOINCONTROL/UFOInControl/DerivedDataCache/Compressed.ddp not found, will not use a pak cache.
[2019.02.15-20.12.07:170][  0]LogDerivedDataCache: Unable to find inner node CompressedPak for hierarchical cache Hierarchy.
[2019.02.15-20.12.07:195][  0]LogDerivedDataCache: Display: Pak cache opened for reading ../../../Engine/DerivedDataCache/Compressed.ddp.
[2019.02.15-20.12.07:207][  0]LogDerivedDataCache: Using Local data cache path C:/Users/Salomão Dias Santos/AppData/Local/UnrealEngine/Common/DerivedDataCache: Writable
[2019.02.15-20.12.07:207][  0]LogDerivedDataCache: Shared data cache path not found in *engine.ini, will not use an Shared cache.
[2019.02.15-20.12.07:207][  0]LogDerivedDataCache: Unable to find inner node Shared for hierarchical cache Hierarchy.
[2019.02.15-20.12.07:221][  0]LogMaterial: Verifying Global Shaders for PCD3D_SM5
[2019.02.15-20.12.07:223][  0]LogSlate: Using FreeType 2.6.0
[2019.02.15-20.12.07:233][  0]LogSlate: SlateFontServices - WITH_FREETYPE: 1, WITH_HARFBUZZ: 1
[2019.02.15-20.12.07:570][  0]LogAssetRegistry: FAssetRegistry took 0.0282 seconds to start up
[2019.02.15-20.12.07:868][  0]LogInit: Selected Device Profile: [Windows]
[2019.02.15-20.12.08:158][  0]LogSimplygon: Simplygon DLL not present - disabling.
[2019.02.15-20.12.08:162][  0]LogMeshReduction: Using SimplygonSwarm for distributed automatic mesh merging
[2019.02.15-20.12.08:162][  0]LogMeshReduction: Using ProxyLODMeshReduction for automatic mesh merging
[2019.02.15-20.12.08:162][  0]LogMeshReduction: Using QuadricMeshReduction for automatic static mesh reduction
[2019.02.15-20.12.08:162][  0]LogMeshReduction: No automatic skeletal mesh reduction module available
[2019.02.15-20.12.08:196][  0]LogNetVersion: UFOInControl 1.0.0, NetCL: 4212847, EngineNetVer: 5, GameNetVer: 0 (Checksum: 1797412510)
[2019.02.15-20.12.09:036][  0]LogPackageLocalizationCache: Processed 11 localized package path(s) for 1 prioritized culture(s) in 0.043396 seconds
[2019.02.15-20.12.09:042][  0]LogUObjectArray: 38425 objects as part of root set at end of initial load.
[2019.02.15-20.12.09:042][  0]LogUObjectAllocator: 6690872 out of 0 bytes used by permanent object pool.
[2019.02.15-20.12.09:042][  0]LogUObjectArray: CloseDisregardForGC: 0/0 objects in disregard for GC pool
[2019.02.15-20.12.22:388][  0]LogTcpMessaging: Initializing TcpMessaging bridge
[2019.02.15-20.12.22:401][  0]LogUdpMessaging: Initializing bridge on interface 0.0.0.0:0 to multicast group 230.0.0.1:6666.
[2019.02.15-20.12.22:787][  0]SourceControl: Source control is disabled
[2019.02.15-20.12.22:787][  0]SourceControl: Source control is disabled
[2019.02.15-20.12.22:788][  0]SourceControl: Source control is disabled
[2019.02.15-20.12.22:789][  0]SourceControl: Source control is disabled
[2019.02.15-20.12.23:119][  0]LogAndroidPermission: UAndroidPermissionCallbackProxy::GetInstance
[2019.02.15-20.12.23:167][  0]LogOcInput: OculusInput pre-init called
[2019.02.15-20.12.23:274][  0]LogEngine: Initializing Engine...
[2019.02.15-20.12.23:274][  0]LogHMD: Failed to initialize OpenVR with code 110
[2019.02.15-20.12.23:275][  0]LogStats: UGameplayTagsManager::ConstructGameplayTagTree: ImportINI prefixes -  0.000 s
[2019.02.15-20.12.23:275][  0]LogStats: UGameplayTagsManager::ConstructGameplayTagTree: Construct from data asset -  0.000 s
[2019.02.15-20.12.23:276][  0]LogStats: UGameplayTagsManager::ConstructGameplayTagTree: ImportINI -  0.000 s
[2019.02.15-20.12.23:276][  0]LogStats: UGameplayTagsManager::ConstructGameplayTagTree: GameplayTagTreeChangedEvent.Broadcast -  0.000 s
[2019.02.15-20.12.23:595][  0]LogInit: Initializing FReadOnlyCVARCache
[2019.02.15-20.12.23:608][  0]LogAIModule: Creating AISystem for world Untitled
[2019.02.15-20.12.23:617][  0]LogInit: XAudio2 using 'LG ULTRAWIDE (NVIDIA High Definition Audio)' : 2 channels at 48 kHz using 16 bits per sample (channel mask 0x3)
[2019.02.15-20.12.23:647][  0]LogInit: FAudioDevice initialized.
[2019.02.15-20.12.23:647][  0]LogNetVersion: Set ProjectVersion to 1.0.0.0. Version Checksum will be recalculated on next use.
[2019.02.15-20.12.23:766][  0]LogDerivedDataCache: Saved boot cache 0.12s 71MB C:/Users/Salomão Dias Santos/AppData/Local/UnrealEngine/4.20/DerivedDataCache/Boot.ddc.
[2019.02.15-20.12.23:780][  0]LogInit: Texture streaming: Enabled
[2019.02.15-20.12.23:797][  0]LogEngineSessionManager: EngineSessionManager initialized
[2019.02.15-20.12.23:813][  0]LogInit: Transaction tracking system initialized
[2019.02.15-20.12.23:836][  0]BlueprintLog: New page: Editor Load
[2019.02.15-20.12.23:938][  0]LocalizationService: Localization service is disabled
[2019.02.15-20.12.24:938][  0]LogCook: Display: Max memory allowance for cook 16384mb min free memory 0mb
[2019.02.15-20.12.24:938][  0]LogCook: Display: Mobile HDR setting 1
[2019.02.15-20.12.24:938][  0]LogGameplayTags: Display: UGameplayTagsManager::DoneAddingNativeTags. DelegateIsBound: 0
[2019.02.15-20.12.24:938][  0]LogStats: UGameplayTagsManager::ConstructGameplayTagTree: ImportINI prefixes -  0.000 s
[2019.02.15-20.12.24:938][  0]LogStats: UGameplayTagsManager::ConstructGameplayTagTree: Construct from data asset -  0.000 s
[2019.02.15-20.12.24:939][  0]LogStats: UGameplayTagsManager::ConstructGameplayTagTree: ImportINI -  0.000 s
[2019.02.15-20.12.24:939][  0]LogStats: UGameplayTagsManager::ConstructGameplayTagTree: GameplayTagTreeChangedEvent.Broadcast -  0.000 s
[2019.02.15-20.12.25:496][  0]LogFileCache: Scanning file cache for directory 'C:/Users/Salomão Dias Santos/Documents/GitHub/UFOINCONTROL/UFOInControl/Content/' took 0.01s
[2019.02.15-20.12.25:509][  0]SourceControl: Source control is disabled
[2019.02.15-20.12.25:509][  0]Cmd: MAP LOAD FILE="../../../Engine/Content/Maps/Templates/Template_Default.umap" TEMPLATE=1 SHOWPROGRESS=1 FEATURELEVEL=3
[2019.02.15-20.12.25:513][  0]LightingResults: New page: Lighting Build
[2019.02.15-20.12.25:515][  0]MapCheck: New page: Map Check
[2019.02.15-20.12.25:515][  0]LightingResults: New page: Lighting Build
[2019.02.15-20.12.25:950][  0]LogAIModule: Creating AISystem for world Untitled_1
[2019.02.15-20.12.25:960][  0]LogEditorServer: Finished looking for orphan Actors (0.000 secs)
[2019.02.15-20.12.25:979][  0]Cmd: MAP CHECKDEP NOCLEARLOG
[2019.02.15-20.12.26:039][  0]MapCheck: Map check complete: 0 Error(s), 0 Warning(s), took 59.825ms to complete.
[2019.02.15-20.12.26:039][  0]LogFileHelpers: Loading map 'Template_Default' took 0.530
[2019.02.15-20.12.26:159][  0]LogSlate: Updating window title bar state: overlay mode, drag disabled, window buttons hidden, title bar hidden
[2019.02.15-20.12.26:166][  0]LogSlate: Updating window title bar state: overlay mode, drag disabled, window buttons hidden, title bar hidden
[2019.02.15-20.12.26:172][  0]LogSlate: Updating window title bar state: overlay mode, drag disabled, window buttons hidden, title bar hidden
[2019.02.15-20.12.26:178][  0]LogSlate: Updating window title bar state: overlay mode, drag disabled, window buttons hidden, title bar hidden
[2019.02.15-20.12.26:188][  0]LogCollectionManager: Loaded 0 collections in 0.002115 seconds
[2019.02.15-20.12.26:226][  0]LogFileCache: Scanning file cache for directory 'C:/Users/Salomão Dias Santos/Documents/GitHub/UFOINCONTROL/UFOInControl/Saved/Collections/' took 0.01s
[2019.02.15-20.12.26:227][  0]LogFileCache: Scanning file cache for directory 'C:/Users/Salomão Dias Santos/Documents/GitHub/UFOINCONTROL/UFOInControl/Content/Developers/SalomãoDiasSantos/Collections/' took 0.01s
[2019.02.15-20.12.26:227][  0]LogFileCache: Scanning file cache for directory 'C:/Users/Salomão Dias Santos/Documents/GitHub/UFOINCONTROL/UFOInControl/Content/Collections/' took 0.01s
[2019.02.15-20.12.26:227][  0]LogCollectionManager: Rebuilt the GUID cache for 0 collections in 0.000001 seconds
[2019.02.15-20.12.26:234][  0]LogContentBrowser: Native class hierarchy populated in 0.0074 seconds. Added 2572 classes and 603 folders.
[2019.02.15-20.12.26:241][  0]LogContentBrowser: Native class hierarchy updated for 'WidgetCarousel' in 0.0002 seconds. Added 0 classes and 0 folders.
[2019.02.15-20.12.27:611][  0]LogContentBrowser: Native class hierarchy updated for 'AddContentDialog' in 0.0002 seconds. Added 0 classes and 0 folders.
[2019.02.15-20.12.27:615][  0]LogContentBrowser: Native class hierarchy updated for 'SceneOutliner' in 0.0002 seconds. Added 1 classes and 2 folders.
[2019.02.15-20.12.27:641][  0]LogSlate: Took 0.014345 seconds to synchronously load lazily loaded font '../../../Engine/Content/Slate/Fonts/Roboto-Regular.ttf' (155K)
[2019.02.15-20.12.27:663][  0]LogSlate: Took 0.021020 seconds to synchronously load lazily loaded font '../../../Engine/Content/Slate/Fonts/Roboto-Bold.ttf' (160K)
[2019.02.15-20.12.27:679][  0]LogSlate: Took 0.012622 seconds to synchronously load lazily loaded font '../../../Engine/Content/Editor/Slate/Fonts/FontAwesome.ttf' (139K)
[2019.02.15-20.12.27:826][  0]LogRenderer: Reallocating scene render targets to support 1616x576 Format 10 NumSamples 1 (Frame:1).
[2019.02.15-20.12.27:991][  0]LogContentBrowser: Native class hierarchy updated for 'HierarchicalLODOutliner' in 0.0002 seconds. Added 0 classes and 0 folders.
[2019.02.15-20.12.27:991][  0]LogLoad: (Engine Initialization) Total time: 34.53 seconds
[2019.02.15-20.12.27:991][  0]LogLoad: (Engine Initialization) Total Blueprint compile time: 0.00 seconds
[2019.02.15-20.12.28:002][  0]LogWindowsTextInputMethodSystem: Display: IME system now deactivated.
[2019.02.15-20.12.28:019][  0]LogAssetRegistry: Asset discovery search completed in 20.4715 seconds
[2019.02.15-20.12.28:021][  0]LogCollectionManager: Rebuilt the object cache for 0 collections in 0.000001 seconds (found 0 objects)
[2019.02.15-20.12.28:021][  0]LogCollectionManager: Fixed up redirectors for 0 collections in 0.000045 seconds (updated 0 objects)
[2019.02.15-20.12.28:022][  0]LogContentStreaming: Texture pool size now 1000 MB
[2019.02.15-20.12.28:046][  0]LogSlate: Took 0.003597 seconds to synchronously load lazily loaded font '../../../Engine/Content/Slate/Fonts/Roboto-Light.ttf' (167K)
[2019.02.15-20.14.10:344][993]LogSlate: FSceneViewport::OnFocusLost() reason 0
[2019.02.15-20.14.13:654][389]LogSlate: Took 0.000167 seconds to synchronously load lazily loaded font '../../../Engine/Content/Slate/Fonts/Roboto-Light.ttf' (167K)
[2019.02.15-20.14.14:487][389]LogAIModule: Creating AISystem for world Fase_001
[2019.02.15-20.14.14:499][389]LogAssetEditorManager: Opening Asset editor for World /Game/Levels/Fase_001.Fase_001
[2019.02.15-20.14.14:518][389]Cmd: MAP LOAD FILE="../../../../../../Users/Salomão Dias Santos/Documents/GitHub/UFOINCONTROL/UFOInControl/Content/Levels/Fase_001.umap" TEMPLATE=0 SHOWPROGRESS=1 FEATURELEVEL=3
[2019.02.15-20.14.14:518][389]LightingResults: New page: Lighting Build
[2019.02.15-20.14.14:519][389]LoadErrors: New page: Loading map: Fase_001.umap
[2019.02.15-20.14.14:519][389]MapCheck: New page: Map Check
[2019.02.15-20.14.14:519][389]LightingResults: New page: Lighting Build
[2019.02.15-20.14.14:543][389]LogEditorServer: Finished looking for orphan Actors (0.000 secs)
[2019.02.15-20.14.14:594][389]Cmd: MAP CHECKDEP NOCLEARLOG
[2019.02.15-20.14.14:659][389]MapCheck: Map check complete: 0 Error(s), 0 Warning(s), took 64.926ms to complete.
[2019.02.15-20.14.14:659][389]LogFileHelpers: Loading map 'Fase_001' took 0.141
[2019.02.15-20.14.22:616][280]LogAIModule: Creating AISystem for world TesteHero
[2019.02.15-20.14.22:624][280]LogAssetEditorManager: Opening Asset editor for World /Game/Levels/TesteHero.TesteHero
[2019.02.15-20.14.22:644][280]Cmd: MAP LOAD FILE="../../../../../../Users/Salomão Dias Santos/Documents/GitHub/UFOINCONTROL/UFOInControl/Content/Levels/TesteHero.umap" TEMPLATE=0 SHOWPROGRESS=1 FEATURELEVEL=3
[2019.02.15-20.14.22:644][280]LightingResults: New page: Lighting Build
[2019.02.15-20.14.22:644][280]LoadErrors: New page: Loading map: TesteHero.umap
[2019.02.15-20.14.22:645][280]MapCheck: New page: Map Check
[2019.02.15-20.14.22:645][280]LightingResults: New page: Lighting Build
[2019.02.15-20.14.22:668][280]LogEditorServer: Finished looking for orphan Actors (0.000 secs)
[2019.02.15-20.14.22:719][280]Cmd: MAP CHECKDEP NOCLEARLOG
[2019.02.15-20.14.22:791][280]MapCheck: Map check complete: 0 Error(s), 0 Warning(s), took 72.091ms to complete.
[2019.02.15-20.14.22:791][280]LogFileHelpers: Loading map 'TesteHero' took 0.148
[2019.02.15-20.15.10:736][ 24]LogSlate: FSceneViewport::OnFocusLost() reason 0
[2019.02.15-20.15.15:238][560]LogAssetEditorManager: Opening Asset editor for AnimBlueprint /Game/Character/Hero_AnimBP.Hero_AnimBP
[2019.02.15-20.15.15:255][560]LogContentBrowser: Native class hierarchy updated for 'SkeletonEditor' in 0.0003 seconds. Added 1 classes and 2 folders.
[2019.02.15-20.15.15:517][560]LogActorComponent: RegisterComponentWithWorld: (/Engine/Transient.World_3:PersistentLevel.AnimationEditorPreviewActor_0.DebugSkelMeshComponent_0) Already registered. Aborting.
[2019.02.15-20.15.15:520][560]LogContentBrowser: Native class hierarchy updated for 'PinnedCommandList' in 0.0002 seconds. Added 1 classes and 0 folders.
[2019.02.15-20.15.16:022][560]LogContentBrowser: Native class hierarchy updated for 'BlueprintGraph' in 0.0005 seconds. Added 116 classes and 0 folders.
[2019.02.15-20.15.16:690][560]LogSkeletalMesh: USkeletalMeshComponent::InitArticulated : Bodies already created (/Engine/Transient.World_3:PersistentLevel.AnimationEditorPreviewActor_0.DebugSkelMeshComponent_0) - call TermArticulated first.
[2019.02.15-20.15.16:958][560]LogSlate: Took 0.003543 seconds to synchronously load lazily loaded font '../../../Engine/Content/Slate/Fonts/Roboto-BoldCondensed.ttf' (158K)
[2019.02.15-20.15.17:016][560]LogContentBrowser: Native class hierarchy updated for 'ClothingSystemEditorInterface' in 0.0002 seconds. Added 1 classes and 0 folders.
[2019.02.15-20.15.17:103][561]LogSlate: Took 0.004643 seconds to synchronously load lazily loaded font '../../../Engine/Content/Slate/Fonts/Roboto-Italic.ttf' (157K)
[2019.02.15-20.15.26:159][350]LogSlate: Window 'Hero_AnimBP' being destroyed
[2019.02.15-20.15.26:163][350]LogSlate: Window 'Hero_AnimBP' being destroyed
[2019.02.15-20.15.37:242][638]LogAssetEditorManager: Opening Asset editor for BlendSpace1D /Game/Character/Animation/Hero_Anim_Propulcao.Hero_Anim_Propulcao
[2019.02.15-20.15.37:272][638]LogActorComponent: RegisterComponentWithWorld: (/Engine/Transient.World_9:PersistentLevel.AnimationEditorPreviewActor_0.DebugSkelMeshComponent_0) Already registered. Aborting.
[2019.02.15-20.15.37:312][638]LogSkeletalMesh: USkeletalMeshComponent::InitArticulated : Bodies already created (/Engine/Transient.World_9:PersistentLevel.AnimationEditorPreviewActor_0.DebugSkelMeshComponent_0) - call TermArticulated first.
[2019.02.15-20.15.37:602][638]LogContentBrowser: Verbose: The majority of assets in the view are of type: AnimSequence
[2019.02.15-20.18.17:460][564]LogSavePackage: Moving '../../../../../../Users/Salomão Dias Santos/Documents/GitHub/UFOINCONTROL/UFOInControl/Saved/Hero_Anim_Propulcao1A1D6689418A1CBE38756F92B7911719.tmp' to '../../../../../../Users/Salomão Dias Santos/Documents/GitHub/UFOINCONTROL/UFOInControl/Content/Character/Animation/Hero_Anim_Propulcao.uasset'
[2019.02.15-20.38.43:190][175]LogSlate: FSceneViewport::OnFocusLost() reason 2
[2019.02.15-20.50.29:453][258]LogFileHelpers: Editor autosave (incl. sublevels) for '/Game/Levels/TesteHero' took 0.026
[2019.02.15-20.50.29:456][258]OBJ SavePackage: Generating thumbnails for [1] asset(s) in package [/Game/Character/Animation/Hero_Anim_Propulcao] ([1] browsable assets)...
[2019.02.15-20.50.29:467][258]OBJ SavePackage:     Rendered thumbnail for [BlendSpace1D /Game/Character/Animation/Hero_Anim_Propulcao.Hero_Anim_Propulcao]
[2019.02.15-20.50.29:467][258]OBJ SavePackage: Finished generating thumbnails for package [/Game/Character/Animation/Hero_Anim_Propulcao]
[2019.02.15-20.50.29:497][258]LogSavePackage: Moving '../../../../../../Users/Salomão Dias Santos/Documents/GitHub/UFOINCONTROL/UFOInControl/Saved/Hero_Anim_Propulcao_Auto122776E5945D7BDAB34D2F4BB7E7A47D7.tmp' to '../../../../../../Users/Salomão Dias Santos/Documents/GitHub/UFOINCONTROL/UFOInControl/Saved/Autosaves/Game/Character/Animation/Hero_Anim_Propulcao_Auto1.uasset'
[2019.02.15-20.50.29:498][258]LogFileHelpers: Auto-saving content packages took 0.043
[2019.02.15-20.51.32:469][720]LogSlate: Window 'Hero_Anim_Propulcao*' being destroyed
[2019.02.15-20.51.32:472][720]LogSlate: Window 'Hero_Anim_Propulcao*' being destroyed
[2019.02.15-20.51.39:078][137]LogSlate: Window 'Delete Assets' being destroyed
[2019.02.15-20.51.47:189][990]LogAssetEditorManager: Opening Asset editor for AnimBlueprint /Game/Character/Hero_AnimBP.Hero_AnimBP
[2019.02.15-20.51.47:200][990]LogActorComponent: RegisterComponentWithWorld: (/Engine/Transient.World_13:PersistentLevel.AnimationEditorPreviewActor_0.DebugSkelMeshComponent_0) Already registered. Aborting.
[2019.02.15-20.51.47:418][990]LogSkeletalMesh: USkeletalMeshComponent::InitArticulated : Bodies already created (/Engine/Transient.World_13:PersistentLevel.AnimationEditorPreviewActor_0.DebugSkelMeshComponent_0) - call TermArticulated first.
[2019.02.15-20.52.45:240][815]BlueprintLog: New page: Compile Hero_AnimBP
[2019.02.15-20.52.46:981][979]LogTemp: Repeating last play command: Selected Viewport
[2019.02.15-20.52.47:000][979]LogPlayLevel: PlayLevel: No blueprints needed recompiling
[2019.02.15-20.52.47:012][979]PIE: New page: PIE session: TesteHero (Feb 15, 2019, 4:52:47 PM)
[2019.02.15-20.52.47:012][979]LogPlayLevel: Creating play world package: /Game/Levels/UEDPIE_0_TesteHero
[2019.02.15-20.52.47:014][979]LogPlayLevel: PIE: StaticDuplicateObject took: (0.002189s)
[2019.02.15-20.52.47:015][979]LogAIModule: Creating AISystem for world TesteHero
[2019.02.15-20.52.47:015][979]LogPlayLevel: PIE: World Init took: (0.001169s)
[2019.02.15-20.52.47:016][979]LogPlayLevel: PIE: Created PIE world by copying editor world from /Game/Levels/TesteHero.TesteHero to /Game/Levels/UEDPIE_0_TesteHero.TesteHero (0.003477s)
[2019.02.15-20.52.47:048][979]LogInit: XAudio2 using 'LG ULTRAWIDE (NVIDIA High Definition Audio)' : 2 channels at 48 kHz using 16 bits per sample (channel mask 0x3)
[2019.02.15-20.52.47:056][979]LogInit: FAudioDevice initialized.
[2019.02.15-20.52.47:101][979]LogLinker: Warning: Can't find file '/Game/BluePrints/NewGameMode'
[2019.02.15-20.52.47:101][979]LogLinker: Warning: Can't find file '/Game/BluePrints/NewGameMode'
[2019.02.15-20.52.47:101][979]LogUObjectGlobals: Warning: Failed to find object 'Class /Game/BluePrints/NewGameMode.NewGameMode_C'
[2019.02.15-20.52.47:101][979]LogLoad: Game class is 'GameModeBase'
[2019.02.15-20.52.47:103][979]LogWorld: Bringing World /Game/Levels/UEDPIE_0_TesteHero.TesteHero up for play (max tick rate 0) at 2019.02.15-18.52.47
[2019.02.15-20.52.47:104][979]LogWorld: Bringing up level for play took: 0.001405
[2019.02.15-20.52.47:122][979]LogContentBrowser: Native class hierarchy updated for 'MovieSceneCapture' in 0.0002 seconds. Added 10 classes and 0 folders.
[2019.02.15-20.52.47:123][979]PIE: Play in editor start time for /Game/Levels/UEDPIE_0_TesteHero -0.04
[2019.02.15-20.52.47:982][ 65]LogBlueprintUserMessages: [Hero_Bp_2] 
[2019.02.15-20.52.48:987][174]LogBlueprintUserMessages: [Hero_Bp_2] 
[2019.02.15-20.52.50:214][284]LogBlueprintUserMessages: [Hero_Bp_2] 
[2019.02.15-20.52.51:221][374]LogBlueprintUserMessages: [Hero_Bp_2] 
[2019.02.15-20.52.52:221][463]LogBlueprintUserMessages: [Hero_Bp_2] 
[2019.02.15-20.52.53:226][553]LogBlueprintUserMessages: [Hero_Bp_2] 
[2019.02.15-20.52.54:235][643]LogBlueprintUserMessages: [Hero_Bp_2] 
[2019.02.15-20.52.55:239][732]LogBlueprintUserMessages: [Hero_Bp_2] 
[2019.02.15-20.52.56:438][841]LogBlueprintUserMessages: [Hero_Bp_2] 
[2019.02.15-20.52.57:441][933]LogBlueprintUserMessages: [Hero_Bp_2] 
[2019.02.15-20.52.58:656][ 49]LogBlueprintUserMessages: [Hero_Bp_2] 
[2019.02.15-20.52.59:946][177]LogBlueprintUserMessages: [Hero_Bp_2] 
[2019.02.15-20.53.01:117][291]LogBlueprintUserMessages: [Hero_Bp_2] 
[2019.02.15-20.53.02:120][395]LogBlueprintUserMessages: [Hero_Bp_2] 
[2019.02.15-20.53.02:949][468]LogSlate: Updating window title bar state: overlay mode, drag disabled, window buttons hidden, title bar hidden
[2019.02.15-20.53.02:987][468]LogPlayLevel: Display: Shutting down PIE online subsystems
[2019.02.15-20.53.03:014][468]LogSlate: Updating window title bar state: overlay mode, drag disabled, window buttons hidden, title bar hidden
[2019.02.15-20.53.03:054][471]LogPlayLevel: Display: Destroying online subsystem :Context_16
[2019.02.15-20.53.28:197][421]BlueprintLog: New page: Compile Hero_AnimBP
[2019.02.15-20.53.29:357][534]LogTemp: Repeating last play command: Selected Viewport
[2019.02.15-20.53.29:377][534]LogPlayLevel: PlayLevel: No blueprints needed recompiling
[2019.02.15-20.53.29:377][534]PIE: New page: PIE session: TesteHero (Feb 15, 2019, 4:53:29 PM)
[2019.02.15-20.53.29:377][534]LogPlayLevel: Creating play world package: /Game/Levels/UEDPIE_0_TesteHero
[2019.02.15-20.53.29:379][534]LogPlayLevel: PIE: StaticDuplicateObject took: (0.002008s)
[2019.02.15-20.53.29:380][534]LogAIModule: Creating AISystem for world TesteHero
[2019.02.15-20.53.29:380][534]LogPlayLevel: PIE: World Init took: (0.001274s)
[2019.02.15-20.53.29:380][534]LogPlayLevel: PIE: Created PIE world by copying editor world from /Game/Levels/TesteHero.TesteHero to /Game/Levels/UEDPIE_0_TesteHero.TesteHero (0.003441s)
[2019.02.15-20.53.29:411][534]LogInit: XAudio2 using 'LG ULTRAWIDE (NVIDIA High Definition Audio)' : 2 channels at 48 kHz using 16 bits per sample (channel mask 0x3)
[2019.02.15-20.53.29:418][534]LogInit: FAudioDevice initialized.
[2019.02.15-20.53.29:455][534]LogLoad: Game class is 'GameModeBase'
[2019.02.15-20.53.29:457][534]LogWorld: Bringing World /Game/Levels/UEDPIE_0_TesteHero.TesteHero up for play (max tick rate 0) at 2019.02.15-18.53.29
[2019.02.15-20.53.29:457][534]LogWorld: Bringing up level for play took: 0.001548
[2019.02.15-20.53.29:470][534]PIE: Play in editor start time for /Game/Levels/UEDPIE_0_TesteHero 0.307
[2019.02.15-20.53.30:357][626]LogBlueprintUserMessages: [Hero_Bp_2] 
[2019.02.15-20.53.31:557][735]LogBlueprintUserMessages: [Hero_Bp_2] 
[2019.02.15-20.53.32:752][843]LogBlueprintUserMessages: [Hero_Bp_2] 
[2019.02.15-20.53.33:976][954]LogBlueprintUserMessages: [Hero_Bp_2] 
[2019.02.15-20.53.35:215][ 67]LogBlueprintUserMessages: [Hero_Bp_2] 
[2019.02.15-20.53.36:220][173]LogBlueprintUserMessages: [Hero_Bp_2] 
[2019.02.15-20.53.37:224][261]LogBlueprintUserMessages: [Hero_Bp_2] 
[2019.02.15-20.53.38:235][350]LogBlueprintUserMessages: [Hero_Bp_2] 
[2019.02.15-20.53.39:244][440]LogBlueprintUserMessages: [Hero_Bp_2] 
[2019.02.15-20.53.39:575][470]LogSlate: Updating window title bar state: overlay mode, drag disabled, window buttons hidden, title bar hidden
[2019.02.15-20.53.39:608][470]LogPlayLevel: Display: Shutting down PIE online subsystems
[2019.02.15-20.53.39:632][470]LogSlate: Updating window title bar state: overlay mode, drag disabled, window buttons hidden, title bar hidden
[2019.02.15-20.53.39:670][473]LogPlayLevel: Display: Destroying online subsystem :Context_17
[2019.02.15-20.53.44:354][ 32]LogTemp: Repeating last play command: Selected Viewport
[2019.02.15-20.53.44:372][ 32]LogPlayLevel: PlayLevel: No blueprints needed recompiling
[2019.02.15-20.53.44:373][ 32]PIE: New page: PIE session: TesteHero (Feb 15, 2019, 4:53:44 PM)
[2019.02.15-20.53.44:373][ 32]LogPlayLevel: Creating play world package: /Game/Levels/UEDPIE_0_TesteHero
[2019.02.15-20.53.44:375][ 32]LogPlayLevel: PIE: StaticDuplicateObject took: (0.001844s)
[2019.02.15-20.53.44:375][ 32]LogAIModule: Creating AISystem for world TesteHero
[2019.02.15-20.53.44:376][ 32]LogPlayLevel: PIE: World Init took: (0.001063s)
[2019.02.15-20.53.44:376][ 32]LogPlayLevel: PIE: Created PIE world by copying editor world from /Game/Levels/TesteHero.TesteHero to /Game/Levels/UEDPIE_0_TesteHero.TesteHero (0.003073s)
[2019.02.15-20.53.44:406][ 32]LogInit: XAudio2 using 'LG ULTRAWIDE (NVIDIA High Definition Audio)' : 2 channels at 48 kHz using 16 bits per sample (channel mask 0x3)
[2019.02.15-20.53.44:413][ 32]LogInit: FAudioDevice initialized.
[2019.02.15-20.53.44:442][ 32]LogLoad: Game class is 'GameModeBase'
[2019.02.15-20.53.44:443][ 32]LogWorld: Bringing World /Game/Levels/UEDPIE_0_TesteHero.TesteHero up for play (max tick rate 0) at 2019.02.15-18.53.44
[2019.02.15-20.53.44:443][ 32]LogWorld: Bringing up level for play took: 0.001087
[2019.02.15-20.53.44:455][ 32]PIE: Play in editor start time for /Game/Levels/UEDPIE_0_TesteHero -0.708
[2019.02.15-20.53.45:350][137]LogBlueprintUserMessages: [Hero_Bp_2] 
[2019.02.15-20.53.46:350][257]LogBlueprintUserMessages: [Hero_Bp_2] 
[2019.02.15-20.53.47:350][377]LogBlueprintUserMessages: [Hero_Bp_2] garra
[2019.02.15-20.53.48:350][497]LogBlueprintUserMessages: [Hero_Bp_2] garra
[2019.02.15-20.53.49:350][617]LogBlueprintUserMessages: [Hero_Bp_2] gancho
[2019.02.15-20.53.50:350][737]LogBlueprintUserMessages: [Hero_Bp_2] radio
[2019.02.15-20.53.51:350][857]LogBlueprintUserMessages: [Hero_Bp_2] radio
[2019.02.15-20.53.52:351][977]LogBlueprintUserMessages: [Hero_Bp_2] radio
[2019.02.15-20.53.53:350][ 97]LogBlueprintUserMessages: [Hero_Bp_2] usb
[2019.02.15-20.53.54:350][217]LogBlueprintUserMessages: [Hero_Bp_2] gancho
[2019.02.15-20.53.55:350][337]LogBlueprintUserMessages: [Hero_Bp_2] idle
[2019.02.15-20.53.56:350][457]LogBlueprintUserMessages: [Hero_Bp_2] radio
[2019.02.15-20.53.57:351][577]LogBlueprintUserMessages: [Hero_Bp_2] radio
[2019.02.15-20.53.58:351][697]LogBlueprintUserMessages: [Hero_Bp_2] usb
[2019.02.15-20.53.59:351][817]LogBlueprintUserMessages: [Hero_Bp_2] usb
[2019.02.15-20.54.00:351][937]LogBlueprintUserMessages: [Hero_Bp_2] usb
[2019.02.15-20.54.01:335][ 55]LogSlate: Updating window title bar state: overlay mode, drag disabled, window buttons hidden, title bar hidden
[2019.02.15-20.54.01:365][ 55]LogPlayLevel: Display: Shutting down PIE online subsystems
[2019.02.15-20.54.01:391][ 55]LogSlate: Updating window title bar state: overlay mode, drag disabled, window buttons hidden, title bar hidden
[2019.02.15-20.54.01:435][ 59]LogPlayLevel: Display: Destroying online subsystem :Context_18
[2019.02.15-20.54.05:022][489]LogSlate: FSceneViewport::OnFocusLost() reason 0
[2019.02.15-20.54.33:139][784]LogSlate: Window 'Hero_AnimBP*' being destroyed
[2019.02.15-20.54.33:143][784]LogSlate: Window 'Hero_AnimBP*' being destroyed
[2019.02.15-20.54.40:258][613]LogAssetEditorManager: Opening Asset editor for AnimSequence /Game/Character/Animation/Hero_Anim_Gancho_Ativado.Hero_Anim_Gancho_Ativado
[2019.02.15-20.54.40:265][613]LogActorComponent: RegisterComponentWithWorld: (/Engine/Transient.World_15:PersistentLevel.AnimationEditorPreviewActor_0.DebugSkelMeshComponent_0) Already registered. Aborting.
[2019.02.15-20.54.40:303][613]LogSkeletalMesh: USkeletalMeshComponent::InitArticulated : Bodies already created (/Engine/Transient.World_15:PersistentLevel.AnimationEditorPreviewActor_0.DebugSkelMeshComponent_0) - call TermArticulated first.
[2019.02.15-20.54.40:614][613]LogContentBrowser: Verbose: The majority of assets in the view are of type: AnimSequence
[2019.02.15-20.55.51:008][783]LogSavePackage: Moving '../../../../../../Users/Salomão Dias Santos/Documents/GitHub/UFOINCONTROL/UFOInControl/Saved/Hero_Anim_Gancho_Ativado18CB99AA4D9C4C5F13BAF598FEBFD4AA.tmp' to '../../../../../../Users/Salomão Dias Santos/Documents/GitHub/UFOINCONTROL/UFOInControl/Content/Character/Animation/Hero_Anim_Gancho_Ativado.uasset'
[2019.02.15-20.55.54:817][140]LogAssetEditorManager: Opening Asset editor for Skeleton /Game/Character/Mesh/Hero_Skeleton.Hero_Skeleton
[2019.02.15-20.55.54:826][140]LogActorComponent: RegisterComponentWithWorld: (/Engine/Transient.World_18:PersistentLevel.AnimationEditorPreviewActor_0.DebugSkelMeshComponent_0) Already registered. Aborting.
[2019.02.15-20.55.54:856][140]LogSkeletalMesh: USkeletalMeshComponent::InitArticulated : Bodies already created (/Engine/Transient.World_18:PersistentLevel.AnimationEditorPreviewActor_0.DebugSkelMeshComponent_0) - call TermArticulated first.
[2019.02.15-20.55.55:109][141]LogRenderer: Reallocating scene render targets to support 1616x888 Format 10 NumSamples 1 (Frame:1).
[2019.02.15-20.57.30:449][812]Cmd: TRANSACTION UNDO
[2019.02.15-20.57.30:449][812]LogEditorTransaction: Undo Add Socket to Skeleton
[2019.02.15-20.57.30:603][812]LogActorComponent: RegisterComponentWithWorld: (/Engine/Transient.World_15:PersistentLevel.AnimationEditorPreviewActor_0.DebugSkelMeshComponent_0) Already registered. Aborting.
[2019.02.15-20.57.30:622][812]LogActorComponent: RegisterComponentWithWorld: (/Engine/Transient.World_18:PersistentLevel.AnimationEditorPreviewActor_0.DebugSkelMeshComponent_0) Already registered. Aborting.
[2019.02.15-20.57.34:601][177]LogSlate: Window 'Hero_Skeleton' being destroyed
[2019.02.15-20.57.34:612][177]LogSlate: Window 'Hero_Skeleton' being destroyed
[2019.02.15-20.57.37:867][313]LogSlate: Window 'Save Content' being destroyed
[2019.02.15-20.57.37:955][313]LogSlate: Window 'UFOInControl - Unreal Editor' being destroyed
[2019.02.15-20.57.38:127][314]Cmd: QUIT_EDITOR
[2019.02.15-20.57.38:290][314]LogWindowsTextInputMethodSystem: Display: IME system now deactivated.
[2019.02.15-20.57.38:301][314]LogExit: Preparing to exit.
[2019.02.15-20.57.38:818][314]LogExit: Editor shut down
[2019.02.15-20.57.38:819][314]LogExit: Transaction tracking system shut down
[2019.02.15-20.57.39:090][314]LogExit: Object subsystem successfully closed.
[2019.02.15-20.57.39:106][314]LogShaderCompilers: Display: Shaders left to compile 0
[2019.02.15-20.57.39:109][314]LogD3D11RHI: Shutdown
[2019.02.15-20.57.39:109][314]LogD3D11RHI: CleanupD3DDevice
[2019.02.15-20.57.39:111][314]LogD3D11RHI: ~FD3D11DynamicRHI
[2019.02.15-20.57.39:130][314]LogModuleManager: Shutting down and abandoning module MovieSceneCapture (628)
[2019.02.15-20.57.39:130][314]LogModuleManager: Shutting down and abandoning module Voice (626)
[2019.02.15-20.57.39:130][314]LogModuleManager: Shutting down and abandoning module AnimationEditor (624)
[2019.02.15-20.57.39:130][314]LogModuleManager: Shutting down and abandoning module ClothingSystemEditorInterface (622)
[2019.02.15-20.57.39:130][314]LogModuleManager: Shutting down and abandoning module BlueprintGraph (620)
[2019.02.15-20.57.39:130][314]LogModuleManager: Shutting down and abandoning module PinnedCommandList (618)
[2019.02.15-20.57.39:130][314]LogModuleManager: Shutting down and abandoning module SkeletonEditor (616)
[2019.02.15-20.57.39:130][314]LogModuleManager: Shutting down and abandoning module AnimationBlueprintEditor (614)
[2019.02.15-20.57.39:130][314]LogModuleManager: Shutting down and abandoning module HierarchicalLODOutliner (612)
[2019.02.15-20.57.39:130][314]LogModuleManager: Shutting down and abandoning module SceneOutliner (610)
[2019.02.15-20.57.39:130][314]LogModuleManager: Shutting down and abandoning module AddContentDialog (608)
[2019.02.15-20.57.39:130][314]LogModuleManager: Shutting down and abandoning module WidgetCarousel (607)
[2019.02.15-20.57.39:130][314]LogModuleManager: Shutting down and abandoning module EditorWidgets (604)
[2019.02.15-20.57.39:130][314]LogModuleManager: Shutting down and abandoning module CollectionManager (602)
[2019.02.15-20.57.39:131][314]LogModuleManager: Shutting down and abandoning module HierarchicalLODUtilities (600)
[2019.02.15-20.57.39:131][314]LogModuleManager: Shutting down and abandoning module StatsViewer (598)
[2019.02.15-20.57.39:131][314]LogModuleManager: Shutting down and abandoning module FoliageEdit (596)
[2019.02.15-20.57.39:131][314]LogModuleManager: Shutting down and abandoning module LandscapeEditor (594)
[2019.02.15-20.57.39:131][314]LogModuleManager: Shutting down and abandoning module MeshPaintMode (592)
[2019.02.15-20.57.39:131][314]LogModuleManager: Shutting down and abandoning module SceneDepthPickerMode (590)
[2019.02.15-20.57.39:131][314]LogModuleManager: Shutting down and abandoning module ActorPickerMode (588)
[2019.02.15-20.57.39:131][314]LogModuleManager: Shutting down and abandoning module GeometryMode (586)
[2019.02.15-20.57.39:131][314]LogModuleManager: Shutting down and abandoning module TextureAlignMode (584)
[2019.02.15-20.57.39:131][314]LogModuleManager: Shutting down and abandoning module BspMode (582)
[2019.02.15-20.57.39:131][314]LogModuleManager: Shutting down and abandoning module PIEPreviewDeviceProfileSelector (580)
[2019.02.15-20.57.39:131][314]LogModuleManager: Shutting down and abandoning module SequenceRecorderSections (578)
[2019.02.15-20.57.39:131][314]LogModuleManager: Shutting down and abandoning module AutomationWorker (576)
[2019.02.15-20.57.39:131][314]LogModuleManager: Shutting down and abandoning module AudioCaptureEditor (574)
[2019.02.15-20.57.39:131][314]LogModuleManager: Shutting down and abandoning module SequenceRecorder (573)
[2019.02.15-20.57.39:131][314]LogModuleManager: Shutting down and abandoning module MatineeToLevelSequence (570)
[2019.02.15-20.57.39:131][314]LogModuleManager: Shutting down and abandoning module LevelSequenceEditor (568)
[2019.02.15-20.57.39:131][314]LogModuleManager: Shutting down and abandoning module PlacementMode (567)
[2019.02.15-20.57.39:131][314]LogModuleManager: Shutting down and abandoning module MaterialEditor (566)
[2019.02.15-20.57.39:131][314]LogModuleManager: Shutting down and abandoning module WmfMediaFactory (562)
[2019.02.15-20.57.39:131][314]LogModuleManager: Shutting down and abandoning module WmfMediaEditor (560)
[2019.02.15-20.57.39:131][314]LogModuleManager: Shutting down and abandoning module MediaPlayerEditor (558)
[2019.02.15-20.57.39:131][314]LogModuleManager: Shutting down and abandoning module OpenExrWrapper (556)
[2019.02.15-20.57.39:131][314]LogModuleManager: Shutting down and abandoning module ImgMediaFactory (554)
[2019.02.15-20.57.39:131][314]LogModuleManager: Shutting down and abandoning module ImgMediaEditor (552)
[2019.02.15-20.57.39:131][314]LogModuleManager: Shutting down and abandoning module AvfMediaFactory (550)
[2019.02.15-20.57.39:131][314]LogModuleManager: Shutting down and abandoning module AvfMediaEditor (548)
[2019.02.15-20.57.39:131][314]LogModuleManager: Shutting down and abandoning module AndroidMediaFactory (546)
[2019.02.15-20.57.39:131][314]LogModuleManager: Shutting down and abandoning module AndroidMediaEditor (544)
[2019.02.15-20.57.39:131][314]LogModuleManager: Shutting down and abandoning module MagicLeapCameraPreviewFactory (542)
[2019.02.15-20.57.39:131][314]LogModuleManager: Shutting down and abandoning module MagicLeapMediaFactory (540)
[2019.02.15-20.57.39:131][314]LogModuleManager: Shutting down and abandoning module MagicLeapMediaEditor (538)
[2019.02.15-20.57.39:131][314]LogModuleManager: Shutting down and abandoning module CharacterAI (536)
[2019.02.15-20.57.39:131][314]LogModuleManager: Shutting down and abandoning module SmartSnapping (534)
[2019.02.15-20.57.39:131][314]LogModuleManager: Shutting down and abandoning module SessionServices (532)
[2019.02.15-20.57.39:131][314]LogModuleManager: Shutting down and abandoning module ViewportSnapping (530)
[2019.02.15-20.57.39:131][314]LogModuleManager: Shutting down and abandoning module ViewportInteraction (528)
[2019.02.15-20.57.39:131][314]LogModuleManager: Shutting down and abandoning module ClothPainter (526)
[2019.02.15-20.57.39:131][314]LogModuleManager: Shutting down and abandoning module SkeletalMeshEditor (525)
[2019.02.15-20.57.39:131][314]LogModuleManager: Shutting down and abandoning module LogVisualizer (522)
[2019.02.15-20.57.39:131][314]LogModuleManager: Shutting down and abandoning module IntroTutorials (520)
[2019.02.15-20.57.39:131][314]LogModuleManager: Shutting down and abandoning module GameProjectGeneration (519)
[2019.02.15-20.57.39:131][314]LogModuleManager: Shutting down and abandoning module LuminPlatformEditor (516)
[2019.02.15-20.57.39:131][314]LogModuleManager: Shutting down and abandoning module IOSPlatformEditor (514)
[2019.02.15-20.57.39:132][314]LogModuleManager: Shutting down and abandoning module HTML5PlatformEditor (512)
[2019.02.15-20.57.39:132][314]LogModuleManager: Shutting down and abandoning module AndroidPlatformEditor (510)
[2019.02.15-20.57.39:132][314]LogModuleManager: Shutting down and abandoning module AndroidDeviceDetection (509)
[2019.02.15-20.57.40:376][314]LogModuleManager: Shutting down and abandoning module WindowsPlatformEditor (506)
[2019.02.15-20.57.40:376][314]LogModuleManager: Shutting down and abandoning module LuminRuntimeSettings (504)
[2019.02.15-20.57.40:376][314]LogModuleManager: Shutting down and abandoning module IOSRuntimeSettings (502)
[2019.02.15-20.57.40:376][314]LogModuleManager: Shutting down and abandoning module AndroidRuntimeSettings (500)
[2019.02.15-20.57.40:376][314]LogModuleManager: Shutting down and abandoning module InputBindingEditor (498)
[2019.02.15-20.57.40:376][314]LogModuleManager: Shutting down and abandoning module MergeActors (496)
[2019.02.15-20.57.40:376][314]LogModuleManager: Shutting down and abandoning module LocalizationDashboard (494)
[2019.02.15-20.57.40:376][314]LogModuleManager: Shutting down and abandoning module LocalizationService (493)
[2019.02.15-20.57.40:376][314]LogModuleManager: Shutting down and abandoning module HardwareTargeting (490)
[2019.02.15-20.57.40:376][314]LogModuleManager: Shutting down and abandoning module DeviceProfileEditor (488)
[2019.02.15-20.57.40:376][314]LogModuleManager: Shutting down and abandoning module UndoHistory (486)
[2019.02.15-20.57.40:376][314]LogModuleManager: Shutting down and abandoning module XmlParser (484)
[2019.02.15-20.57.40:376][314]LogModuleManager: Shutting down and abandoning module Blutility (482)
[2019.02.15-20.57.40:377][314]LogModuleManager: Shutting down and abandoning module ProjectSettingsViewer (480)
[2019.02.15-20.57.40:377][314]LogModuleManager: Shutting down and abandoning module ProjectTargetPlatformEditor (479)
[2019.02.15-20.57.40:377][314]LogModuleManager: Shutting down and abandoning module EditorSettingsViewer (476)
[2019.02.15-20.57.40:377][314]LogModuleManager: Shutting down and abandoning module SettingsEditor (474)
[2019.02.15-20.57.40:377][314]LogModuleManager: Shutting down and abandoning module ProjectLauncher (472)
[2019.02.15-20.57.40:377][314]LogModuleManager: Shutting down and abandoning module SessionFrontend (470)
[2019.02.15-20.57.40:377][314]LogModuleManager: Shutting down and abandoning module ProfilerClient (468)
[2019.02.15-20.57.40:377][314]LogModuleManager: Shutting down and abandoning module DeviceManager (466)
[2019.02.15-20.57.40:377][314]LogModuleManager: Shutting down and abandoning module TargetDeviceServices (465)
[2019.02.15-20.57.40:430][314]LogModuleManager: Shutting down and abandoning module AutomationController (462)
[2019.02.15-20.57.40:430][314]LogModuleManager: Shutting down and abandoning module AutomationWindow (460)
[2019.02.15-20.57.40:430][314]LogModuleManager: Shutting down and abandoning module Layers (458)
[2019.02.15-20.57.40:430][314]LogModuleManager: Shutting down and abandoning module ComponentVisualizers (456)
[2019.02.15-20.57.40:430][314]LogModuleManager: Shutting down and abandoning module DetailCustomizations (454)
[2019.02.15-20.57.40:430][314]LogModuleManager: Shutting down and abandoning module PackagesDialog (452)
[2019.02.15-20.57.40:430][314]LogModuleManager: Shutting down and abandoning module Persona (450)
[2019.02.15-20.57.40:430][314]LogModuleManager: Shutting down and abandoning module AdvancedPreviewScene (449)
[2019.02.15-20.57.40:430][314]LogModuleManager: Shutting down and abandoning module AnimGraph (447)
[2019.02.15-20.57.40:430][314]LogModuleManager: Shutting down and abandoning module Kismet (444)
[2019.02.15-20.57.40:433][314]LogModuleManager: Shutting down and abandoning module GraphEditor (442)
[2019.02.15-20.57.40:433][314]LogModuleManager: Shutting down and abandoning module ClassViewer (440)
[2019.02.15-20.57.40:433][314]LogModuleManager: Shutting down and abandoning module Toolbox (438)
[2019.02.15-20.57.40:433][314]LogModuleManager: Shutting down and abandoning module ModuleUI (436)
[2019.02.15-20.57.40:433][314]LogModuleManager: Shutting down and abandoning module MovieSceneTools (434)
[2019.02.15-20.57.40:433][314]LogModuleManager: Shutting down and abandoning module OutputLog (432)
[2019.02.15-20.57.40:433][314]LogModuleManager: Shutting down and abandoning module GammaUI (430)
[2019.02.15-20.57.40:433][314]LogModuleManager: Shutting down and abandoning module Documentation (428)
[2019.02.15-20.57.40:433][314]LogModuleManager: Shutting down and abandoning module MovieSceneTracks (426)
[2019.02.15-20.57.40:433][314]LogModuleManager: Shutting down and abandoning module MovieScene (424)
[2019.02.15-20.57.40:433][314]LogModuleManager: Shutting down and abandoning module StreamingPauseRendering (422)
[2019.02.15-20.57.40:433][314]LogModuleManager: Shutting down and abandoning module LauncherPlatform (420)
[2019.02.15-20.57.40:433][314]LogModuleManager: Shutting down and abandoning module AnalyticsET (418)
[2019.02.15-20.57.40:433][314]LogModuleManager: Shutting down and abandoning module PortalServices (416)
[2019.02.15-20.57.40:433][314]LogModuleManager: Shutting down and abandoning module PortalRpc (414)
[2019.02.15-20.57.40:433][314]LogModuleManager: Shutting down and abandoning module MessagingRpc (412)
[2019.02.15-20.57.40:433][314]LogModuleManager: Shutting down and abandoning module AIModule (410)
[2019.02.15-20.57.40:433][314]LogModuleManager: Shutting down and abandoning module GameplayDebugger (409)
[2019.02.15-20.57.40:434][314]LogModuleManager: Shutting down and abandoning module AITestSuite (407)
[2019.02.15-20.57.40:434][314]LogModuleManager: Shutting down and abandoning module NavigationSystem (405)
[2019.02.15-20.57.40:434][314]LogModuleManager: Shutting down and abandoning module DesktopPlatform (402)
[2019.02.15-20.57.40:434][314]LogModuleManager: Shutting down and abandoning module ProfilerService (400)
[2019.02.15-20.57.40:537][314]LogModuleManager: Shutting down and abandoning module TaskGraph (398)
[2019.02.15-20.57.40:537][314]LogModuleManager: Shutting down and abandoning module SteamVRController (396)
[2019.02.15-20.57.40:537][314]LogModuleManager: Shutting down and abandoning module ProceduralMeshComponentEditor (394)
[2019.02.15-20.57.40:537][314]LogModuleManager: Shutting down and abandoning module ProceduralMeshComponent (392)
[2019.02.15-20.57.40:537][314]LogModuleManager: Shutting down and abandoning module OculusInput (390)
[2019.02.15-20.57.40:538][314]LogModuleManager: Shutting down and abandoning module MobilePatchingUtils (388)
[2019.02.15-20.57.40:538][314]LogModuleManager: Shutting down and abandoning module EditableMesh (386)
[2019.02.15-20.57.40:538][314]LogModuleManager: Shutting down and abandoning module CustomMeshComponent (384)
[2019.02.15-20.57.40:538][314]LogModuleManager: Shutting down and abandoning module CableComponent (382)
[2019.02.15-20.57.40:538][314]LogModuleManager: Shutting down and abandoning module AudioCapture (380)
[2019.02.15-20.57.40:538][314]LogModuleManager: Shutting down and abandoning module ArchVisCharacter (378)
[2019.02.15-20.57.40:538][314]LogModuleManager: Shutting down and abandoning module AndroidPermission (376)
[2019.02.15-20.57.40:538][314]LogModuleManager: Shutting down and abandoning module NUTUnrealEngine4 (374)
[2019.02.15-20.57.40:538][314]LogModuleManager: Shutting down and abandoning module NetcodeUnitTest (372)
[2019.02.15-20.57.40:538][314]LogModuleManager: Shutting down and abandoning module MediaCompositingEditor (370)
[2019.02.15-20.57.40:538][314]LogModuleManager: Shutting down and abandoning module MediaCompositing (368)
[2019.02.15-20.57.40:538][314]LogModuleManager: Shutting down and abandoning module LinearTimecode (366)
[2019.02.15-20.57.40:538][314]LogModuleManager: Shutting down and abandoning module ImgMedia (364)
[2019.02.15-20.57.40:541][314]LogModuleManager: Shutting down and abandoning module HTML5Networking (362)
[2019.02.15-20.57.40:541][314]LogModuleManager: Shutting down and abandoning module GeometryCacheTracks (360)
[2019.02.15-20.57.40:541][314]LogModuleManager: Shutting down and abandoning module GeometryCacheSequencer (358)
[2019.02.15-20.57.40:541][314]LogModuleManager: Shutting down and abandoning module BackChannel (356)
[2019.02.15-20.57.40:541][314]LogModuleManager: Shutting down and abandoning module AppleVision (354)
[2019.02.15-20.57.40:541][314]LogModuleManager: Shutting down and abandoning module AppleImageUtils (352)
[2019.02.15-20.57.40:541][314]LogModuleManager: Shutting down and abandoning module AlembicImporter (350)
[2019.02.15-20.57.40:541][314]LogModuleManager: Shutting down and abandoning module AlembicLibrary (349)
[2019.02.15-20.57.40:541][314]LogModuleManager: Shutting down and abandoning module GeometryCache (348)
[2019.02.15-20.57.40:541][314]LogModuleManager: Shutting down and abandoning module GeometryCacheEd (347)
[2019.02.15-20.57.40:541][314]LogModuleManager: Shutting down and abandoning module DatasmithContentEditor (342)
[2019.02.15-20.57.40:541][314]LogModuleManager: Shutting down and abandoning module DatasmithContent (340)
[2019.02.15-20.57.40:541][314]LogModuleManager: Shutting down and abandoning module SpeedTreeImporter (338)
[2019.02.15-20.57.40:541][314]LogModuleManager: Shutting down and abandoning module PluginBrowser (336)
[2019.02.15-20.57.40:542][314]LogModuleManager: Shutting down and abandoning module MobileLauncherProfileWizard (334)
[2019.02.15-20.57.40:542][314]LogModuleManager: Shutting down and abandoning module PolygonModeling (332)
[2019.02.15-20.57.40:542][314]LogModuleManager: Shutting down and abandoning module MeshEditor (330)
[2019.02.15-20.57.40:542][314]LogModuleManager: Shutting down and abandoning module CryptoKeysOpenSSL (328)
[2019.02.15-20.57.40:542][314]LogModuleManager: Shutting down and abandoning module CryptoKeys (326)
[2019.02.15-20.57.40:542][314]LogModuleManager: Shutting down and abandoning module VisualStudioSourceCodeAccess (324)
[2019.02.15-20.57.40:542][314]LogModuleManager: Shutting down and abandoning module VisualStudioCodeSourceCodeAccess (322)
[2019.02.15-20.57.40:542][314]LogModuleManager: Shutting down and abandoning module UObjectPlugin (320)
[2019.02.15-20.57.40:542][314]LogModuleManager: Shutting down and abandoning module SubversionSourceControl (318)
[2019.02.15-20.57.40:542][314]LogModuleManager: Shutting down and abandoning module PerforceSourceControl (316)
[2019.02.15-20.57.40:542][314]LogModuleManager: Shutting down and abandoning module GitSourceControl (314)
[2019.02.15-20.57.40:542][314]LogModuleManager: Shutting down and abandoning module SourceControl (313)
[2019.02.15-20.57.40:542][314]LogModuleManager: Shutting down and abandoning module CLionSourceCodeAccess (310)
[2019.02.15-20.57.40:542][314]LogModuleManager: Shutting down and abandoning module LightPropagationVolumeEditor (308)
[2019.02.15-20.57.40:542][314]LogModuleManager: Shutting down and abandoning module PaperTiledImporter (306)
[2019.02.15-20.57.40:542][314]LogModuleManager: Shutting down and abandoning module PaperSpriteSheetImporter (304)
[2019.02.15-20.57.40:542][314]LogModuleManager: Shutting down and abandoning module Paper2DEditor (302)
[2019.02.15-20.57.40:542][314]LogModuleManager: Shutting down and abandoning module MeshPaint (301)
[2019.02.15-20.57.40:542][314]LogModuleManager: Shutting down and abandoning module RuntimePhysXCooking (298)
[2019.02.15-20.57.40:542][314]LogModuleManager: Shutting down and abandoning module PhysXVehiclesEditor (296)
[2019.02.15-20.57.40:542][314]LogModuleManager: Shutting down and abandoning module PhysXVehicles (294)
[2019.02.15-20.57.40:542][314]LogModuleManager: Shutting down and abandoning module OculusEditor (292)
[2019.02.15-20.57.40:542][314]LogModuleManager: Shutting down and abandoning module LocationServicesBPLibrary (290)
[2019.02.15-20.57.40:542][314]LogModuleManager: Shutting down and abandoning module ImmediatePhysicsEditor (288)
[2019.02.15-20.57.40:542][314]LogModuleManager: Shutting down and abandoning module ImmediatePhysics (286)
[2019.02.15-20.57.40:542][314]LogModuleManager: Shutting down and abandoning module ActorSequence (284)
[2019.02.15-20.57.40:542][314]LogModuleManager: Shutting down and abandoning module UdpMessaging (282)
[2019.02.15-20.57.40:643][314]LogModuleManager: Shutting down and abandoning module TcpMessaging (280)
[2019.02.15-20.57.40:744][314]LogModuleManager: Shutting down and abandoning module MagicLeapAudio (278)
[2019.02.15-20.57.40:744][314]LogModuleManager: Shutting down and abandoning module GameplayTagsEditor (276)
[2019.02.15-20.57.40:744][314]LogModuleManager: Shutting down and abandoning module FacialAnimationEditor (274)
[2019.02.15-20.57.40:744][314]LogModuleManager: Shutting down and abandoning module FacialAnimation (272)
[2019.02.15-20.57.40:744][314]LogModuleManager: Shutting down and abandoning module DataValidation (270)
[2019.02.15-20.57.40:744][314]LogModuleManager: Shutting down and abandoning module AssetManagerEditor (268)
[2019.02.15-20.57.40:744][314]LogModuleManager: Shutting down and abandoning module LevelEditor (267)
[2019.02.15-20.57.40:744][314]LogModuleManager: Shutting down and abandoning module PixelInspectorModule (266)
[2019.02.15-20.57.40:744][314]LogModuleManager: Shutting down and abandoning module CommonMenuExtensions (264)
[2019.02.15-20.57.40:745][314]LogModuleManager: Shutting down and abandoning module MainFrame (262)
[2019.02.15-20.57.40:745][314]LogModuleManager: Shutting down and abandoning module HotReload (261)
[2019.02.15-20.57.40:745][314]LogModuleManager: Shutting down and abandoning module ContentBrowser (257)
[2019.02.15-20.57.40:746][314]LogModuleManager: Shutting down and abandoning module TreeMap (255)
[2019.02.15-20.57.40:746][314]LogModuleManager: Shutting down and abandoning module LightPropagationVolumeRuntime (252)
[2019.02.15-20.57.40:746][314]LogModuleManager: Shutting down and abandoning module AISupportModule (250)
[2019.02.15-20.57.40:746][314]LogModuleManager: Shutting down and abandoning module Paper2D (248)
[2019.02.15-20.57.40:746][314]LogModuleManager: Shutting down and abandoning module WindowsMoviePlayer (246)
[2019.02.15-20.57.40:746][314]LogModuleManager: Shutting down and abandoning module WmfMedia (244)
[2019.02.15-20.57.40:747][314]LogModuleManager: Shutting down and abandoning module Media (243)
[2019.02.15-20.57.40:753][314]LogModuleManager: Shutting down and abandoning module PacketHandler (240)
[2019.02.15-20.57.40:753][314]LogModuleManager: Shutting down and abandoning module ClothingSystemEditor (238)
[2019.02.15-20.57.40:753][314]LogModuleManager: Shutting down and abandoning module ClothingSystemRuntime (236)
[2019.02.15-20.57.40:753][314]LogModuleManager: Shutting down and abandoning module MediaAssets (234)
[2019.02.15-20.57.40:753][314]LogModuleManager: Shutting down and abandoning module Overlay (232)
[2019.02.15-20.57.40:753][314]LogModuleManager: Shutting down and abandoning module OverlayEditor (231)
[2019.02.15-20.57.40:753][314]LogModuleManager: Shutting down and abandoning module VREditor (228)
[2019.02.15-20.57.40:753][314]LogModuleManager: Shutting down and abandoning module StringTableEditor (226)
[2019.02.15-20.57.40:753][314]LogModuleManager: Shutting down and abandoning module GameplayTasksEditor (224)
[2019.02.15-20.57.40:753][314]LogModuleManager: Shutting down and abandoning module BehaviorTreeEditor (222)
[2019.02.15-20.57.40:753][314]LogModuleManager: Shutting down and abandoning module FunctionalTesting (220)
[2019.02.15-20.57.40:754][314]LogModuleManager: Shutting down and abandoning module CollisionAnalyzer (218)
[2019.02.15-20.57.40:754][314]LogModuleManager: Shutting down and abandoning module WorkspaceMenuStructure (217)
[2019.02.15-20.57.40:754][314]LogModuleManager: Shutting down and abandoning module UMG (214)
[2019.02.15-20.57.40:754][314]LogModuleManager: Shutting down and abandoning module UMGEditor (213)
[2019.02.15-20.57.40:754][314]LogModuleManager: Shutting down and abandoning module Sequencer (212)
[2019.02.15-20.57.40:754][314]LogModuleManager: Shutting down and abandoning module MessageLog (209)
[2019.02.15-20.57.40:754][314]LogModuleManager: Shutting down and abandoning module SlateReflector (204)
[2019.02.15-20.57.40:754][314]LogModuleManager: Shutting down and abandoning module Slate (202)
[2019.02.15-20.57.40:754][314]LogModuleManager: Shutting down and abandoning module EditorStyle (200)
[2019.02.15-20.57.40:755][314]LogModuleManager: Shutting down and abandoning module MRMesh (198)
[2019.02.15-20.57.40:755][314]LogModuleManager: Shutting down and abandoning module SourceCodeAccess (196)
[2019.02.15-20.57.40:755][314]LogModuleManager: Shutting down and abandoning module HeadMountedDisplay (194)
[2019.02.15-20.57.40:755][314]LogModuleManager: Shutting down and abandoning module XAudio2 (192)
[2019.02.15-20.57.40:755][314]LogModuleManager: Shutting down and abandoning module Networking (190)
[2019.02.15-20.57.40:755][314]LogModuleManager: Shutting down and abandoning module Core (188)
[2019.02.15-20.57.40:755][314]LogModuleManager: Shutting down and abandoning module LevelSequence (186)
[2019.02.15-20.57.40:755][314]LogModuleManager: Shutting down and abandoning module KismetCompiler (184)
[2019.02.15-20.57.40:755][314]LogModuleManager: Shutting down and abandoning module MeshUtilities (182)
[2019.02.15-20.57.40:755][314]LogModuleManager: Shutting down and abandoning module MeshMergeUtilities (181)
[2019.02.15-20.57.40:755][314]LogModuleManager: Shutting down and abandoning module MeshReductionInterface (180)
[2019.02.15-20.57.40:755][314]LogModuleManager: Shutting down and abandoning module SimplygonSwarm (179)
[2019.02.15-20.57.40:755][314]LogModuleManager: Shutting down and abandoning module ProxyLODMeshReduction (177)
[2019.02.15-20.57.40:755][314]LogModuleManager: Shutting down and abandoning module SimplygonMeshReduction (175)
[2019.02.15-20.57.40:755][314]LogModuleManager: Shutting down and abandoning module QuadricMeshReduction (173)
[2019.02.15-20.57.40:755][314]LogModuleManager: Shutting down and abandoning module MaterialBaking (169)
[2019.02.15-20.57.40:755][314]LogModuleManager: Shutting down and abandoning module DirectoryWatcher (165)
[2019.02.15-20.57.40:755][314]LogModuleManager: Shutting down and abandoning module DerivedDataCache (162)
[2019.02.15-20.57.40:780][314]LogDerivedDataCache: Shutdown
[2019.02.15-20.57.40:780][314]LogModuleManager: Shutting down and abandoning module XGEController (160)
[2019.02.15-20.57.40:780][314]LogXGEController: Cleaning working directory: C:/Users/Salomão Dias Santos/AppData/Local/Temp/UnrealXGEWorkingDir/
[2019.02.15-20.57.40:780][314]LogModuleManager: Shutting down and abandoning module TargetPlatform (158)
[2019.02.15-20.57.40:780][314]LogModuleManager: Shutting down and abandoning module VulkanShaderFormat (157)
[2019.02.15-20.57.40:780][314]LogModuleManager: Shutting down and abandoning module ShaderFormatVectorVM (155)
[2019.02.15-20.57.40:780][314]LogModuleManager: Shutting down and abandoning module ShaderFormatOpenGL (153)
[2019.02.15-20.57.40:780][314]LogModuleManager: Shutting down and abandoning module ShaderFormatD3D (151)
[2019.02.15-20.57.40:780][314]LogModuleManager: Shutting down and abandoning module MetalShaderFormat (149)
[2019.02.15-20.57.40:780][314]LogModuleManager: Shutting down and abandoning module TextureFormatUncompressed (147)
[2019.02.15-20.57.40:780][314]LogModuleManager: Shutting down and abandoning module TextureFormatPVR (145)
[2019.02.15-20.57.40:780][314]LogModuleManager: Shutting down and abandoning module TextureFormatDXT (143)
[2019.02.15-20.57.40:780][314]LogModuleManager: Shutting down and abandoning module TextureFormatIntelISPCTexComp (141)
[2019.02.15-20.57.40:781][314]LogModuleManager: Shutting down and abandoning module TextureFormatASTC (139)
[2019.02.15-20.57.40:781][314]LogModuleManager: Shutting down and abandoning module ImageWrapper (138)
[2019.02.15-20.57.40:781][314]LogModuleManager: Shutting down and abandoning module TextureFormatAndroid (135)
[2019.02.15-20.57.40:781][314]LogModuleManager: Shutting down and abandoning module AudioFormatOpus (133)
[2019.02.15-20.57.40:781][314]LogModuleManager: Shutting down and abandoning module AudioFormatOgg (131)
[2019.02.15-20.57.40:781][314]LogModuleManager: Shutting down and abandoning module AudioFormatADPCM (129)
[2019.02.15-20.57.40:781][314]LogModuleManager: Shutting down and abandoning module LuminTargetPlatform (127)
[2019.02.15-20.57.40:781][314]LogModuleManager: Shutting down and abandoning module LinuxTargetPlatform (125)
[2019.02.15-20.57.40:781][314]LogModuleManager: Shutting down and abandoning module LinuxServerTargetPlatform (123)
[2019.02.15-20.57.40:781][314]LogModuleManager: Shutting down and abandoning module LinuxNoEditorTargetPlatform (121)
[2019.02.15-20.57.40:781][314]LogModuleManager: Shutting down and abandoning module LinuxClientTargetPlatform (119)
[2019.02.15-20.57.40:781][314]LogModuleManager: Shutting down and abandoning module TVOSTargetPlatform (117)
[2019.02.15-20.57.40:781][314]LogModuleManager: Shutting down and abandoning module Messaging (115)
[2019.02.15-20.57.40:781][314]LogModuleManager: Shutting down and abandoning module IOSTargetPlatform (113)
[2019.02.15-20.57.40:782][314]LogModuleManager: Shutting down and abandoning module HTML5TargetPlatform (111)
[2019.02.15-20.57.40:782][314]LogModuleManager: Shutting down and abandoning module AndroidTargetPlatform (109)
[2019.02.15-20.57.40:786][314]LogModuleManager: Shutting down and abandoning module WindowsTargetPlatform (107)
[2019.02.15-20.57.40:786][314]LogModuleManager: Shutting down and abandoning module WindowsServerTargetPlatform (105)
[2019.02.15-20.57.40:786][314]LogModuleManager: Shutting down and abandoning module WindowsNoEditorTargetPlatform (103)
[2019.02.15-20.57.40:786][314]LogModuleManager: Shutting down and abandoning module WindowsClientTargetPlatform (101)
[2019.02.15-20.57.40:786][314]LogModuleManager: Shutting down and abandoning module MacTargetPlatform (99)
[2019.02.15-20.57.40:786][314]LogModuleManager: Shutting down and abandoning module MacServerTargetPlatform (97)
[2019.02.15-20.57.40:786][314]LogModuleManager: Shutting down and abandoning module MacNoEditorTargetPlatform (95)
[2019.02.15-20.57.40:786][314]LogModuleManager: Shutting down and abandoning module MacClientTargetPlatform (93)
[2019.02.15-20.57.40:786][314]LogModuleManager: Shutting down and abandoning module AllDesktopTargetPlatform (91)
[2019.02.15-20.57.40:786][314]LogModuleManager: Shutting down and abandoning module InputCore (88)
[2019.02.15-20.57.40:786][314]LogModuleManager: Shutting down and abandoning module Settings (86)
[2019.02.15-20.57.40:786][314]LogModuleManager: Shutting down and abandoning module PhysXCooking (84)
[2019.02.15-20.57.40:786][314]LogModuleManager: Shutting down and abandoning module SteamVR (82)
[2019.02.15-20.57.40:786][314]LogModuleManager: Shutting down and abandoning module OculusHMD (80)
[2019.02.15-20.57.40:786][314]LogModuleManager: Shutting down and abandoning module ExampleDeviceProfileSelector (78)
[2019.02.15-20.57.40:786][314]LogModuleManager: Shutting down and abandoning module LauncherChunkInstaller (76)
[2019.02.15-20.57.40:786][314]LogModuleManager: Shutting down and abandoning module OnlineBlueprintSupport (74)
[2019.02.15-20.57.40:786][314]LogModuleManager: Shutting down and abandoning module OnlineSubsystem (70)
[2019.02.15-20.57.40:787][314]LogModuleManager: Shutting down and abandoning module XMPP (65)
[2019.02.15-20.57.40:787][314]LogModuleManager: Shutting down and abandoning module WebSockets (64)
[2019.02.15-20.57.40:809][314]LogModuleManager: Shutting down and abandoning module HTTP (61)
[2019.02.15-20.57.40:809][314]LogHttp: Display: Http module shutting down, but needs to wait on 1 outstanding Http requests:
[2019.02.15-20.57.40:809][314]LogHttp: Display: 	verb=[POST] url=[https://datarouter.ol.epicgames.com/datarouter/api/v1/public/data?SessionID=%7B048258B6-4A6E-4AAB-8C27-D590A7976677%7D&AppID=UEEditor.Rocket.Release&AppVersion=4.20.3-4369336%2B%2B%2BUE4%2BRelease-4.20&UserID=9ed950ec42b0f985a246f1afcb340f02%7C50f113f3180a4c109a17ed8b30204881%7C3a8e38c6-b980-45ef-bc79-ab99a9d87dd2&AppEnvironment=datacollector-binary&UploadType=eteventstream] status=Processing
[2019.02.15-20.57.40:826][314]LogModuleManager: Shutting down and abandoning module SSL (60)
[2019.02.15-20.57.40:827][314]LogModuleManager: Shutting down and abandoning module MagicLeapEmulator (56)
[2019.02.15-20.57.40:827][314]LogModuleManager: Shutting down and abandoning module MagicLeapPrivileges (54)
[2019.02.15-20.57.40:827][314]LogModuleManager: Shutting down and abandoning module MagicLeapIdentity (52)
[2019.02.15-20.57.40:827][314]LogModuleManager: Shutting down and abandoning module MagicLeapHelperVulkan (50)
[2019.02.15-20.57.40:827][314]LogModuleManager: Shutting down and abandoning module MagicLeapHelperOpenGL (48)
[2019.02.15-20.57.40:827][314]LogModuleManager: Shutting down and abandoning module MagicLeapSecureStorage (46)
[2019.02.15-20.57.40:827][314]LogModuleManager: Shutting down and abandoning module MagicLeapGestures (44)
[2019.02.15-20.57.40:827][314]LogModuleManager: Shutting down and abandoning module MagicLeapEyeTracker (42)
[2019.02.15-20.57.40:827][314]LogModuleManager: Shutting down and abandoning module MagicLeapController (40)
[2019.02.15-20.57.40:827][314]LogSlate: Slate User Destroyed.  User Index 0, Is Virtual User: 0
[2019.02.15-20.57.40:827][314]LogModuleManager: Shutting down and abandoning module MagicLeap (38)
[2019.02.15-20.57.40:828][314]LogModuleManager: Shutting down and abandoning module AnimationModifiers (36)
[2019.02.15-20.57.40:828][314]LogModuleManager: Shutting down and abandoning module PropertyEditor (35)
[2019.02.15-20.57.40:828][314]LogModuleManager: Shutting down and abandoning module AudioEditor (32)
[2019.02.15-20.57.40:828][314]LogModuleManager: Shutting down and abandoning module TextureCompressor (30)
[2019.02.15-20.57.40:828][314]LogModuleManager: Shutting down and abandoning module ShaderCore (28)
[2019.02.15-20.57.40:828][314]LogModuleManager: Shutting down and abandoning module Landscape (26)
[2019.02.15-20.57.40:828][314]LogModuleManager: Shutting down and abandoning module SlateRHIRenderer (24)
[2019.02.15-20.57.40:828][314]LogModuleManager: Shutting down and abandoning module OpenGLDrv (22)
[2019.02.15-20.57.40:828][314]LogModuleManager: Shutting down and abandoning module D3D11RHI (20)
[2019.02.15-20.57.40:828][314]LogModuleManager: Shutting down and abandoning module AnimGraphRuntime (18)
[2019.02.15-20.57.40:828][314]LogModuleManager: Shutting down and abandoning module Renderer (16)
[2019.02.15-20.57.40:828][314]LogModuleManager: Shutting down and abandoning module Engine (14)
[2019.02.15-20.57.40:828][314]LogModuleManager: Shutting down and abandoning module CoreUObject (12)
[2019.02.15-20.57.40:828][314]LogModuleManager: Shutting down and abandoning module NetworkFile (10)
[2019.02.15-20.57.40:828][314]LogModuleManager: Shutting down and abandoning module CookedIterativeFile (8)
[2019.02.15-20.57.40:828][314]LogModuleManager: Shutting down and abandoning module StreamingFile (6)
[2019.02.15-20.57.40:828][314]LogModuleManager: Shutting down and abandoning module SandboxFile (4)
[2019.02.15-20.57.40:828][314]LogModuleManager: Shutting down and abandoning module PakFile (2)
[2019.02.15-20.57.40:834][314]LogExit: Exiting.
[2019.02.15-20.57.40:845][314]Log file closed, 02/15/19 18:57:40
